<?xml version="1.0" encoding="UTF-8"?>
<!-- Generated by org.testng.reporters.JUnitXMLReporter -->
<testsuite hostname="DESKTOP-CM7QV2O" name="Default test" tests="3" failures="0" timestamp="15 Sep 2020 19:51:26 GMT" time="52.988" errors="0">
  <testcase name="LaunchApplication_Test" time="0.709" classname="com.wst.qa.testcases.WST_OpenApplication_Test"/>
  <testcase name="validate_WST_MainPage_TitleAndURL_Test" time="0.045" classname="com.wst.qa.testcases.WST_OpenApplication_Test"/>
  <testcase name="WST_CloseApp_Test" time="0.001" classname="com.wst.qa.testcases.WST_OpenApplication_Test"/>
</testsuite> <!-- Default test -->
